app/build/intermediates/manifest_merge_blame_file/release/processReleaseMainManifest/manifest-merger-blame-release-report.txt
1<?xml version="1.0" encoding="utf-8"?>
2<manifest xmlns:android="http://schemas.android.com/apk/res/android"
3    package="com.duckgo.medtools"
4    android:versionCode="1"
5    android:versionName="1.0" >
6
7    <uses-sdk
8        android:minSdkVersion="29"
9        android:targetSdkVersion="34" />
10
11    <permission
11-->[androidx.core:core:1.12.0] AndroidManifest.xml:22:5-24:47
12        android:name="com.duckgo.medtools.DYNAMIC_RECEIVER_NOT_EXPORTED_PERMISSION"
12-->[androidx.core:core:1.12.0] AndroidManifest.xml:23:9-81
13        android:protectionLevel="signature" />
13-->[androidx.core:core:1.12.0] AndroidManifest.xml:24:9-44
14
15    <uses-permission android:name="com.duckgo.medtools.DYNAMIC_RECEIVER_NOT_EXPORTED_PERMISSION" />
15-->[androidx.core:core:1.12.0] AndroidManifest.xml:26:5-97
15-->[androidx.core:core:1.12.0] AndroidManifest.xml:26:22-94
16
17    <application
17-->src/main/AndroidManifest.xml:5:5-107:19
18        android:allowBackup="true"
18-->src/main/AndroidManifest.xml:6:9-35
19        android:appComponentFactory="androidx.core.app.CoreComponentFactory"
19-->[androidx.core:core:1.12.0] AndroidManifest.xml:28:18-86
20        android:dataExtractionRules="@xml/data_extraction_rules"
20-->src/main/AndroidManifest.xml:7:9-65
21        android:extractNativeLibs="false"
22        android:fullBackupContent="@xml/backup_rules"
22-->src/main/AndroidManifest.xml:8:9-54
23        android:icon="@mipmap/calcu_icon"
23-->src/main/AndroidManifest.xml:9:9-42
24        android:label="@string/app_name"
24-->src/main/AndroidManifest.xml:10:9-41
25        android:roundIcon="@mipmap/calcu_icon"
25-->src/main/AndroidManifest.xml:11:9-47
26        android:supportsRtl="true"
26-->src/main/AndroidManifest.xml:12:9-35
27        android:theme="@style/Theme.MaterialComponents.Light.NoActionBar" >
27-->src/main/AndroidManifest.xml:13:9-74
28        <activity
28-->src/main/AndroidManifest.xml:15:9-17:40
29            android:name="com.duckgo.medtools.test.MenuTest"
29-->src/main/AndroidManifest.xml:16:13-42
30            android:exported="false" />
30-->src/main/AndroidManifest.xml:17:13-37
31        <activity
31-->src/main/AndroidManifest.xml:18:9-20:40
32            android:name="com.duckgo.medtools.medicaltools.Other.Reproductive_Medicine.Precocious_Puberty_Auxiliary_Examination"
32-->src/main/AndroidManifest.xml:19:13-110
33            android:exported="false" />
33-->src/main/AndroidManifest.xml:20:13-37
34        <activity
34-->src/main/AndroidManifest.xml:21:9-23:40
35            android:name="com.duckgo.medtools.medicaltools.Other.Reproductive_Medicine.Tanner_Stage"
35-->src/main/AndroidManifest.xml:22:13-82
36            android:exported="false" />
36-->src/main/AndroidManifest.xml:23:13-37
37        <activity
37-->src/main/AndroidManifest.xml:24:9-26:40
38            android:name="com.duckgo.medtools.medicaltools.Other.Reproductive_Medicine.Semen_reference_values"
38-->src/main/AndroidManifest.xml:25:13-92
39            android:exported="false" />
39-->src/main/AndroidManifest.xml:26:13-37
40        <activity
40-->src/main/AndroidManifest.xml:27:9-29:40
41            android:name="com.duckgo.medtools.medicaltools.Internal_Medicine.Nephrology.Chronic_Kidney_Disease_Staging"
41-->src/main/AndroidManifest.xml:28:13-101
42            android:exported="false" />
42-->src/main/AndroidManifest.xml:29:13-37
43        <activity
43-->src/main/AndroidManifest.xml:30:9-32:40
44            android:name="com.duckgo.medtools.medicaltools.Internal_Medicine.Nephrology.Glomerular_Filtration_Rate_CKD_EPI"
44-->src/main/AndroidManifest.xml:31:13-105
45            android:exported="false" />
45-->src/main/AndroidManifest.xml:32:13-37
46        <activity
46-->src/main/AndroidManifest.xml:33:9-35:40
47            android:name="com.duckgo.medtools.medicaltools.Obstetrics_and_Gynecology.Diagnosis_Postnatal_Depression"
47-->src/main/AndroidManifest.xml:34:13-98
48            android:exported="false" />
48-->src/main/AndroidManifest.xml:35:13-37
49        <activity
49-->src/main/AndroidManifest.xml:36:9-38:40
50            android:name="com.duckgo.medtools.medicaltools.Obstetrics_and_Gynecology.Edinburgh_Postnatal_Depression_Scale"
50-->src/main/AndroidManifest.xml:37:13-104
51            android:exported="false" />
51-->src/main/AndroidManifest.xml:38:13-37
52        <activity
52-->src/main/AndroidManifest.xml:39:9-41:40
53            android:name="com.duckgo.medtools.medicaltools.Obstetrics_and_Gynecology.Hyperthyroidism_Medication_During_Pregnancy"
53-->src/main/AndroidManifest.xml:40:13-111
54            android:exported="false" />
54-->src/main/AndroidManifest.xml:41:13-37
55        <activity
55-->src/main/AndroidManifest.xml:42:9-44:40
56            android:name="com.duckgo.medtools.medicaltools.Obstetrics_and_Gynecology.RH_And_ABO_Hemolysis_Comparison"
56-->src/main/AndroidManifest.xml:43:13-99
57            android:exported="false" />
57-->src/main/AndroidManifest.xml:44:13-37
58        <activity
58-->src/main/AndroidManifest.xml:45:9-47:40
59            android:name="com.duckgo.medtools.medicaltools.Obstetrics_and_Gynecology.Thyroid_Function_Of_Pregnancy"
59-->src/main/AndroidManifest.xml:46:13-97
60            android:exported="false" />
60-->src/main/AndroidManifest.xml:47:13-37
61        <activity
61-->src/main/AndroidManifest.xml:48:9-50:40
62            android:name="com.duckgo.medtools.medicaltools.Obstetrics_and_Gynecology.GDM_Grading_And_Staging"
62-->src/main/AndroidManifest.xml:49:13-91
63            android:exported="false" />
63-->src/main/AndroidManifest.xml:50:13-37
64        <activity
64-->src/main/AndroidManifest.xml:51:9-53:40
65            android:name="com.duckgo.medtools.medicaltools.Obstetrics_and_Gynecology.Manning_Score"
65-->src/main/AndroidManifest.xml:52:13-81
66            android:exported="false" />
66-->src/main/AndroidManifest.xml:53:13-37
67        <activity
67-->src/main/AndroidManifest.xml:54:9-56:40
68            android:name="com.duckgo.medtools.medicaltools.Obstetrics_and_Gynecology.Indications_For_Pregnancy_Termination_Of_Gestational_Hypertension"
68-->src/main/AndroidManifest.xml:55:13-133
69            android:exported="false" />
69-->src/main/AndroidManifest.xml:56:13-37
70        <activity
70-->src/main/AndroidManifest.xml:57:9-59:40
71            android:name="com.duckgo.medtools.medicaltools.Obstetrics_and_Gynecology.Severe_Preeclampsia_Diagnosis"
71-->src/main/AndroidManifest.xml:58:13-97
72            android:exported="false" />
72-->src/main/AndroidManifest.xml:59:13-37
73        <activity
73-->src/main/AndroidManifest.xml:60:9-62:40
74            android:name="com.duckgo.medtools.medicaltools.Obstetrics_and_Gynecology.Diagnostic_Criteria_For_GDM"
74-->src/main/AndroidManifest.xml:61:13-95
75            android:exported="false" />
75-->src/main/AndroidManifest.xml:62:13-37
76        <activity
76-->src/main/AndroidManifest.xml:63:9-65:40
77            android:name="com.duckgo.medtools.medicaltools.Obstetrics_and_Gynecology.Classification_Of_Hypertension_During_Pregnancy"
77-->src/main/AndroidManifest.xml:64:13-115
78            android:exported="false" />
78-->src/main/AndroidManifest.xml:65:13-37
79        <activity
79-->src/main/AndroidManifest.xml:66:9-68:40
80            android:name="com.duckgo.medtools.medicaltools.Obstetrics_and_Gynecology.Fetal_Maturity"
80-->src/main/AndroidManifest.xml:67:13-82
81            android:exported="false" />
81-->src/main/AndroidManifest.xml:68:13-37
82        <activity
82-->src/main/AndroidManifest.xml:69:9-71:40
83            android:name="com.duckgo.medtools.medicaltools.Obstetrics_and_Gynecology.Uterine_Height_Gestational_Age"
83-->src/main/AndroidManifest.xml:70:13-98
84            android:exported="false" />
84-->src/main/AndroidManifest.xml:71:13-37
85        <activity
85-->src/main/AndroidManifest.xml:72:9-74:40
86            android:name="com.duckgo.medtools.medicaltools.Obstetrics_and_Gynecology.DrugToFetus"
86-->src/main/AndroidManifest.xml:73:13-79
87            android:exported="false" />
87-->src/main/AndroidManifest.xml:74:13-37
88        <activity
88-->src/main/AndroidManifest.xml:75:9-77:40
89            android:name="com.duckgo.medtools.medicaltools.Obstetrics_and_Gynecology.Normal_Lochia"
89-->src/main/AndroidManifest.xml:76:13-81
90            android:exported="false" />
90-->src/main/AndroidManifest.xml:77:13-37
91        <activity
91-->src/main/AndroidManifest.xml:78:9-80:40
92            android:name="com.duckgo.medtools.medicaltools.Internal_Medicine.Endocrinology.HbA1cValuesBloodGlucose"
92-->src/main/AndroidManifest.xml:79:13-97
93            android:exported="false" />
93-->src/main/AndroidManifest.xml:80:13-37
94        <activity
94-->src/main/AndroidManifest.xml:81:9-83:40
95            android:name="com.duckgo.medtools.medicaltools.Obstetrics_and_Gynecology.Bishop"
95-->src/main/AndroidManifest.xml:82:13-74
96            android:exported="false" />
96-->src/main/AndroidManifest.xml:83:13-37
97        <activity
97-->src/main/AndroidManifest.xml:84:9-86:40
98            android:name="com.duckgo.medtools.medicaltools.Internal_Medicine.Nephrology.SodiumDeficitInHyponatremia"
98-->src/main/AndroidManifest.xml:85:13-98
99            android:exported="false" />
99-->src/main/AndroidManifest.xml:86:13-37
100        <activity
100-->src/main/AndroidManifest.xml:87:9-89:40
101            android:name="com.duckgo.medtools.medicaltools.Internal_Medicine.Nephrology.AmountOfHydration"
101-->src/main/AndroidManifest.xml:88:13-88
102            android:exported="false" />
102-->src/main/AndroidManifest.xml:89:13-37
103        <activity
103-->src/main/AndroidManifest.xml:90:9-94:81
104            android:name="com.duckgo.medtools.medicaltools.Internal_Medicine.Nephrology.Creatinine_Clearance_Cockcroft_Gault"
104-->src/main/AndroidManifest.xml:91:13-107
105            android:exported="false"
105-->src/main/AndroidManifest.xml:92:13-37
106            android:label="@string/title_activity_medi_cal_tool"
106-->src/main/AndroidManifest.xml:93:13-65
107            android:theme="@style/Theme.MaterialComponents.Light.NoActionBar" />
107-->src/main/AndroidManifest.xml:94:13-78
108        <activity
108-->src/main/AndroidManifest.xml:95:9-103:20
109            android:name="com.duckgo.medtools.MainActivity"
109-->src/main/AndroidManifest.xml:96:13-41
110            android:exported="true" >
110-->src/main/AndroidManifest.xml:97:13-36
111            <intent-filter>
111-->src/main/AndroidManifest.xml:98:13-102:29
112                <action android:name="android.intent.action.MAIN" />
112-->src/main/AndroidManifest.xml:99:17-69
112-->src/main/AndroidManifest.xml:99:25-66
113
114                <category android:name="android.intent.category.LAUNCHER" />
114-->src/main/AndroidManifest.xml:101:17-77
114-->src/main/AndroidManifest.xml:101:27-74
115            </intent-filter>
116        </activity>
117        <activity
117-->src/main/AndroidManifest.xml:104:9-106:39
118            android:name="com.duckgo.medtools.babyweight.AddValue"
118-->src/main/AndroidManifest.xml:105:13-48
119            android:exported="true" />
119-->src/main/AndroidManifest.xml:106:13-36
120
121        <uses-library
121-->[androidx.window:window:1.0.0] AndroidManifest.xml:25:9-27:40
122            android:name="androidx.window.extensions"
122-->[androidx.window:window:1.0.0] AndroidManifest.xml:26:13-54
123            android:required="false" />
123-->[androidx.window:window:1.0.0] AndroidManifest.xml:27:13-37
124        <uses-library
124-->[androidx.window:window:1.0.0] AndroidManifest.xml:28:9-30:40
125            android:name="androidx.window.sidecar"
125-->[androidx.window:window:1.0.0] AndroidManifest.xml:29:13-51
126            android:required="false" />
126-->[androidx.window:window:1.0.0] AndroidManifest.xml:30:13-37
127
128        <provider
128-->[androidx.emoji2:emoji2:1.3.0] AndroidManifest.xml:24:9-32:20
129            android:name="androidx.startup.InitializationProvider"
129-->[androidx.emoji2:emoji2:1.3.0] AndroidManifest.xml:25:13-67
130            android:authorities="com.duckgo.medtools.androidx-startup"
130-->[androidx.emoji2:emoji2:1.3.0] AndroidManifest.xml:26:13-68
131            android:exported="false" >
131-->[androidx.emoji2:emoji2:1.3.0] AndroidManifest.xml:27:13-37
132            <meta-data
132-->[androidx.emoji2:emoji2:1.3.0] AndroidManifest.xml:29:13-31:52
133                android:name="androidx.emoji2.text.EmojiCompatInitializer"
133-->[androidx.emoji2:emoji2:1.3.0] AndroidManifest.xml:30:17-75
134                android:value="androidx.startup" />
134-->[androidx.emoji2:emoji2:1.3.0] AndroidManifest.xml:31:17-49
135            <meta-data
135-->[androidx.lifecycle:lifecycle-process:2.8.6] AndroidManifest.xml:29:13-31:52
136                android:name="androidx.lifecycle.ProcessLifecycleInitializer"
136-->[androidx.lifecycle:lifecycle-process:2.8.6] AndroidManifest.xml:30:17-78
137                android:value="androidx.startup" />
137-->[androidx.lifecycle:lifecycle-process:2.8.6] AndroidManifest.xml:31:17-49
138            <meta-data
138-->[androidx.profileinstaller:profileinstaller:1.3.1] AndroidManifest.xml:29:13-31:52
139                android:name="androidx.profileinstaller.ProfileInstallerInitializer"
139-->[androidx.profileinstaller:profileinstaller:1.3.1] AndroidManifest.xml:30:17-85
140                android:value="androidx.startup" />
140-->[androidx.profileinstaller:profileinstaller:1.3.1] AndroidManifest.xml:31:17-49
141        </provider>
142
143        <service
143-->[androidx.room:room-runtime:2.6.1] AndroidManifest.xml:24:9-28:63
144            android:name="androidx.room.MultiInstanceInvalidationService"
144-->[androidx.room:room-runtime:2.6.1] AndroidManifest.xml:25:13-74
145            android:directBootAware="true"
145-->[androidx.room:room-runtime:2.6.1] AndroidManifest.xml:26:13-43
146            android:exported="false" />
146-->[androidx.room:room-runtime:2.6.1] AndroidManifest.xml:27:13-37
147
148        <receiver
148-->[androidx.profileinstaller:profileinstaller:1.3.1] AndroidManifest.xml:34:9-52:20
149            android:name="androidx.profileinstaller.ProfileInstallReceiver"
149-->[androidx.profileinstaller:profileinstaller:1.3.1] AndroidManifest.xml:35:13-76
150            android:directBootAware="false"
150-->[androidx.profileinstaller:profileinstaller:1.3.1] AndroidManifest.xml:36:13-44
151            android:enabled="true"
151-->[androidx.profileinstaller:profileinstaller:1.3.1] AndroidManifest.xml:37:13-35
152            android:exported="true"
152-->[androidx.profileinstaller:profileinstaller:1.3.1] AndroidManifest.xml:38:13-36
153            android:permission="android.permission.DUMP" >
153-->[androidx.profileinstaller:profileinstaller:1.3.1] AndroidManifest.xml:39:13-57
154            <intent-filter>
154-->[androidx.profileinstaller:profileinstaller:1.3.1] AndroidManifest.xml:40:13-42:29
155                <action android:name="androidx.profileinstaller.action.INSTALL_PROFILE" />
155-->[androidx.profileinstaller:profileinstaller:1.3.1] AndroidManifest.xml:41:17-91
155-->[androidx.profileinstaller:profileinstaller:1.3.1] AndroidManifest.xml:41:25-88
156            </intent-filter>
157            <intent-filter>
157-->[androidx.profileinstaller:profileinstaller:1.3.1] AndroidManifest.xml:43:13-45:29
158                <action android:name="androidx.profileinstaller.action.SKIP_FILE" />
158-->[androidx.profileinstaller:profileinstaller:1.3.1] AndroidManifest.xml:44:17-85
158-->[androidx.profileinstaller:profileinstaller:1.3.1] AndroidManifest.xml:44:25-82
159            </intent-filter>
160            <intent-filter>
160-->[androidx.profileinstaller:profileinstaller:1.3.1] AndroidManifest.xml:46:13-48:29
161                <action android:name="androidx.profileinstaller.action.SAVE_PROFILE" />
161-->[androidx.profileinstaller:profileinstaller:1.3.1] AndroidManifest.xml:47:17-88
161-->[androidx.profileinstaller:profileinstaller:1.3.1] AndroidManifest.xml:47:25-85
162            </intent-filter>
163            <intent-filter>
163-->[androidx.profileinstaller:profileinstaller:1.3.1] AndroidManifest.xml:49:13-51:29
164                <action android:name="androidx.profileinstaller.action.BENCHMARK_OPERATION" />
164-->[androidx.profileinstaller:profileinstaller:1.3.1] AndroidManifest.xml:50:17-95
164-->[androidx.profileinstaller:profileinstaller:1.3.1] AndroidManifest.xml:50:25-92
165            </intent-filter>
166        </receiver>
167    </application>
168
169</manifest>